<?xml version="1.0" encoding="UTF-8"?>
<testsuite name="br.com.fitcontrol.fitcontrol.models.FuncionarioModelTest" tests="1" skipped="0" failures="0" errors="0" timestamp="2021-11-09T01:46:55" hostname="DESKTOP-6TEUHKL" time="0.063">
  <properties/>
  <testcase name="test()" classname="br.com.fitcontrol.fitcontrol.models.FuncionarioModelTest" time="0.063"/>
  <system-out><![CDATA[]]></system-out>
  <system-err><![CDATA[]]></system-err>
</testsuite>
